DEBUG:root:Cred file cannot be loaded.
DEBUG:root:Cred file cannot be loaded.
DEBUG:urllib3.connectionpool:Starting new HTTPS connection (1): recurse.zulipchat.com:443
DEBUG:urllib3.connectionpool:https://recurse.zulipchat.com:443 "GET /api/v1/server_settings HTTP/1.1" 200 None
DEBUG:urllib3.connectionpool:https://recurse.zulipchat.com:443 "GET /api/v1/users/me HTTP/1.1" 200 None
DEBUG:urllib3.connectionpool:https://recurse.zulipchat.com:443 "PUT /api/v1/bot_storage HTTP/1.1" 200 None
DEBUG:urllib3.connectionpool:https://recurse.zulipchat.com:443 "PUT /api/v1/bot_storage HTTP/1.1" 200 None
DEBUG:urllib3.connectionpool:https://recurse.zulipchat.com:443 "PUT /api/v1/bot_storage HTTP/1.1" 200 None
DEBUG:urllib3.connectionpool:https://recurse.zulipchat.com:443 "PUT /api/v1/bot_storage HTTP/1.1" 200 None
INFO:werkzeug:[31m[1mWARNING: This is a development server. Do not use it in a production deployment. Use a production WSGI server instead.[0m
 * Running on http://127.0.0.1:5002
INFO:werkzeug:[33mPress CTRL+C to quit[0m
INFO:werkzeug: * Restarting with stat
DEBUG:urllib3.connectionpool:Starting new HTTPS connection (1): recurse.zulipchat.com:443
DEBUG:urllib3.connectionpool:https://recurse.zulipchat.com:443 "GET /api/v1/server_settings HTTP/1.1" 200 None
DEBUG:urllib3.connectionpool:https://recurse.zulipchat.com:443 "GET /api/v1/users/me HTTP/1.1" 200 None
DEBUG:urllib3.connectionpool:https://recurse.zulipchat.com:443 "PUT /api/v1/bot_storage HTTP/1.1" 200 None
DEBUG:urllib3.connectionpool:https://recurse.zulipchat.com:443 "PUT /api/v1/bot_storage HTTP/1.1" 200 None
DEBUG:urllib3.connectionpool:https://recurse.zulipchat.com:443 "PUT /api/v1/bot_storage HTTP/1.1" 200 None
DEBUG:urllib3.connectionpool:https://recurse.zulipchat.com:443 "PUT /api/v1/bot_storage HTTP/1.1" 200 None
WARNING:werkzeug: * Debugger is active!
INFO:werkzeug: * Debugger PIN: 141-202-557
DEBUG:urllib3.connectionpool:Starting new HTTPS connection (1): recurse.zulipchat.com:443
DEBUG:urllib3.connectionpool:https://recurse.zulipchat.com:443 "GET /api/v1/server_settings HTTP/1.1" 200 None
DEBUG:urllib3.connectionpool:https://recurse.zulipchat.com:443 "GET /api/v1/users/me HTTP/1.1" 200 None
DEBUG:urllib3.connectionpool:https://recurse.zulipchat.com:443 "PUT /api/v1/bot_storage HTTP/1.1" 200 None
DEBUG:urllib3.connectionpool:https://recurse.zulipchat.com:443 "PUT /api/v1/bot_storage HTTP/1.1" 200 None
DEBUG:urllib3.connectionpool:https://recurse.zulipchat.com:443 "PUT /api/v1/bot_storage HTTP/1.1" 200 None
DEBUG:urllib3.connectionpool:https://recurse.zulipchat.com:443 "PUT /api/v1/bot_storage HTTP/1.1" 200 None
INFO:werkzeug:[31m[1mWARNING: This is a development server. Do not use it in a production deployment. Use a production WSGI server instead.[0m
 * Running on http://127.0.0.1:5002
INFO:werkzeug:[33mPress CTRL+C to quit[0m
INFO:werkzeug: * Restarting with stat
DEBUG:urllib3.connectionpool:Starting new HTTPS connection (1): recurse.zulipchat.com:443
DEBUG:urllib3.connectionpool:https://recurse.zulipchat.com:443 "GET /api/v1/server_settings HTTP/1.1" 200 None
DEBUG:urllib3.connectionpool:https://recurse.zulipchat.com:443 "GET /api/v1/users/me HTTP/1.1" 200 None
DEBUG:urllib3.connectionpool:https://recurse.zulipchat.com:443 "PUT /api/v1/bot_storage HTTP/1.1" 200 None
DEBUG:urllib3.connectionpool:https://recurse.zulipchat.com:443 "PUT /api/v1/bot_storage HTTP/1.1" 200 None
DEBUG:urllib3.connectionpool:https://recurse.zulipchat.com:443 "PUT /api/v1/bot_storage HTTP/1.1" 200 None
DEBUG:urllib3.connectionpool:https://recurse.zulipchat.com:443 "PUT /api/v1/bot_storage HTTP/1.1" 200 None
WARNING:werkzeug: * Debugger is active!
INFO:werkzeug: * Debugger PIN: 141-202-557
INFO:werkzeug: * Detected change in '/Users/alex/Documents/GitHub/calendar-bot/zulip_bots/zulip_bots/bots/calendarbot/calendarbot.py', reloading
INFO:werkzeug: * Restarting with stat
DEBUG:urllib3.connectionpool:Starting new HTTPS connection (1): recurse.zulipchat.com:443
DEBUG:urllib3.connectionpool:https://recurse.zulipchat.com:443 "GET /api/v1/server_settings HTTP/1.1" 200 None
DEBUG:urllib3.connectionpool:https://recurse.zulipchat.com:443 "GET /api/v1/users/me HTTP/1.1" 200 None
DEBUG:urllib3.connectionpool:https://recurse.zulipchat.com:443 "PUT /api/v1/bot_storage HTTP/1.1" 200 None
DEBUG:urllib3.connectionpool:https://recurse.zulipchat.com:443 "PUT /api/v1/bot_storage HTTP/1.1" 200 None
DEBUG:urllib3.connectionpool:https://recurse.zulipchat.com:443 "PUT /api/v1/bot_storage HTTP/1.1" 200 None
DEBUG:urllib3.connectionpool:https://recurse.zulipchat.com:443 "PUT /api/v1/bot_storage HTTP/1.1" 200 None
WARNING:werkzeug: * Debugger is active!
INFO:werkzeug: * Debugger PIN: 141-202-557
